<?xml version="1.0" encoding="UTF-8"?>
<!-- Generated by org.testng.reporters.JUnitReportReporter -->
<testsuite hostname="Jigars-MBP" failures="0" tests="1" name="pack1.PageTest" time="57.306" errors="0" timestamp="10 Feb 2019 10:56:19 GMT" skipped="0">
  <testcase classname="pack1.PageTest" name="testMethod1" time="57.306"/>
</testsuite> <!-- pack1.PageTest -->
